Output: Graphics/Displays:

    Apple M1:

      Chipset Model: Apple M1
      Type: GPU
      Bus: Built-In
      Total Number of Cores: 7
      Vendor: Apple (0x106b)
      Metal Support: Metal 3
      Displays:
        Color LCD:
          Display Type: Built-In Retina LCD
          Resolution: 2560 x 1600 Retina
          Main Display: Yes
          Mirror: Off
          Online: Yes
          Automatically Adjust Brightness: Yes
          Connection Type: Internal


Model: Apple M1
E-Core Count: 4
P-Core Count: 4
GPU Core Count: 7
12:48:25 main.go:468: This is the error  write tcp [::1]:8080->[::1]:56260: write: broken pipe
